 100334       : ************ ************** ************** **************
 100334  note : PID '5380' started at 2026-02-22 10:03
 100334       : ddns version  : 2.8.2-90
 100334       : uci configuration:
ddns.myddns_ipv6.check_interval='60'
ddns.myddns_ipv6.check_unit='minutes'
ddns.myddns_ipv6.domain='xamray.didns.ru'
ddns.myddns_ipv6.enabled='1'
ddns.myddns_ipv6.force_interval='24'
ddns.myddns_ipv6.force_unit='hours'
ddns.myddns_ipv6.interface='wan'
ddns.myddns_ipv6.ip_source='web'
ddns.myddns_ipv6.ip_url='http://v6.ident.me'
ddns.myddns_ipv6.lookup_host='xamray.didns.ru'
ddns.myddns_ipv6.password='***PW***'
ddns.myddns_ipv6.retry_unit='seconds'
ddns.myddns_ipv6.update_url='https://dynupdate.alviy.com/token/update?hostname=[DOMAIN]&token=[PASSWORD]&myip=[IP]'
ddns.myddns_ipv6.use_https='1'
ddns.myddns_ipv6.use_ipv6='1'
ddns.myddns_ipv6.use_syslog='2'
ddns.myddns_ipv6.username='***PW***'
ddns.myddns_ipv6=service
 100334       : verbose mode  : 0 - run normal, NO console output
 100334       : check interval: 3600 seconds
 100334       : force interval: 86400 seconds
 100334       : retry interval: 60 seconds
 100334       : retry max count : 0 times
 100334       : No old process
 100335       : last update: never
 100335       : Detect registered/public IP
 100335       : #> /usr/bin/drill -V0 -u xamray.didns.ru AAAA >/var/run/ddns/myddns_ipv6.dat 2>/var/run/ddns/myddns_ipv6.err
 100413       : Registered IP '2a02:2698:682d:2c2f::1' detected
 100413  info : Starting main loop at 2026-02-22 10:04
 100413       : Detecting current IP using source: web
 100413       : #> /usr/bin/wget --hsts-file=/tmp/.wget-hsts -nv -t 1 -O /var/run/ddns/myddns_ipv6.dat -o /var/run/ddns/myddns_ipv6.err --no-proxy 'http://v6.ident.me'
 100413 ERROR : GNU Wget Error: '4'
 100413       : failed: Network unreachable.
 100413  WARN : Transfer failed - retry 1/0 in 60 seconds
 100513       : #> /usr/bin/wget --hsts-file=/tmp/.wget-hsts -nv -t 1 -O /var/run/ddns/myddns_ipv6.dat -o /var/run/ddns/myddns_ipv6.err --no-proxy 'http://v6.ident.me'
 100513       : Current IP '2a00:1e88:7411:f200::1' detected via web at 'http://v6.ident.me'
 100513       : Detected IP: 2a00:1e88:7411:f200::1
 100513       : Update needed - L: '2a00:1e88:7411:f200:0000:0000:0000:0001' <> R: '2a02:2698:682d:2c2f:0000:0000:0000:0001'
 100514       : #> /usr/bin/wget --hsts-file=/tmp/.wget-hsts -nv -t 1 -O /var/run/ddns/myddns_ipv6.dat -o /var/run/ddns/myddns_ipv6.err --no-proxy 'https://dynupdate.alviy.com/token/update?hostname=xamray.didns.ru&token=***PW***&myip=2a00:1e88:7411:f200:0000:0000:0000:0001'
 100514       : DDNS Provider answered:
good 2a00:1e88:7411:f200:0000:0000:0000:0001
 100514  info : Update successful - IP '2a00:1e88:7411:f200:0000:0000:0000:0001' send
 100514  info : Forced update successful - IP: '2a00:1e88:7411:f200:0000:0000:0000:0001' send
 100514       : Waiting 3600 seconds (Check Interval); Next check at 2026-02-22 11:05
